<?xml version="1.0" encoding="UTF-8"?>
<!-- Generated by org.testng.reporters.JUnitReportReporter -->
<testsuite hostname="DESKTOP-CPS5PDD" failures="0" tests="6" name="TestRunner" time="2.580" errors="0" timestamp="2020-03-23T08:40:57 GMT" skipped="0">
  <testcase classname="TestRunner" name="runScenario" time="0.018"/>
  <system-out/>
  <testcase classname="TestRunner" name="runScenario" time="2.284"/>
  <system-out/>
  <testcase classname="TestRunner" name="runScenario" time="0.186"/>
  <system-out/>
  <testcase classname="TestRunner" name="runScenario" time="0.026"/>
  <system-out/>
  <testcase classname="TestRunner" name="runScenario" time="0.038"/>
  <system-out/>
  <testcase classname="TestRunner" name="runScenario" time="0.028"/>
  <system-out/>
</testsuite> <!-- TestRunner -->
