<?xml version="1.0" encoding="UTF-8"?>
<!-- Generated by org.testng.reporters.JUnitReportReporter -->
<testsuite hostname="DESKTOP-CPS5PDD" failures="0" tests="6" name="TestRunner" time="22.604" errors="0" timestamp="2020-03-23T11:47:13 GMT" skipped="0">
  <testcase classname="TestRunner" name="runScenario" time="10.067"/>
  <system-out/>
  <testcase classname="TestRunner" name="runScenario" time="0.022"/>
  <system-out/>
  <testcase classname="TestRunner" name="runScenario" time="10.028"/>
  <system-out/>
  <testcase classname="TestRunner" name="runScenario" time="0.011"/>
  <system-out/>
  <testcase classname="TestRunner" name="runScenario" time="0.023"/>
  <system-out/>
  <testcase classname="TestRunner" name="runScenario" time="2.453"/>
  <system-out/>
</testsuite> <!-- TestRunner -->
